<?xml version="1.0" encoding="UTF-8"?>
<!-- Generated by org.testng.reporters.JUnitReportReporter -->
<testsuite hostname="LAPTOP-UA1F7RES" failures="0" tests="1" name="com.api.test.activate.AllTestCasesRun" time="1.665" errors="1" timestamp="2023-12-01T14:48:27 PST" skipped="0">
  <testcase classname="com.api.test.activate.AllTestCasesRun" name="getSingleRepo" time="1.665">
    <error message="com.fasterxml.jackson.databind.exc.MismatchedInputException: Cannot deserialize value of type `com.api.model.response.GetAllRepoPOJO` from Array value (token `JsonToken.START_ARRAY`)
 at [Source: (String)&quot;[{&quot;id&quot;:726245335,&quot;node_id&quot;:&quot;R_kgDOK0mf1w&quot;,&quot;name&quot;:&quot;Hello-World123&quot;,&quot;full_name&quot;:&quot;Sujata2022/Hello-World123&quot;,&quot;private&quot;:false,&quot;owner&quot;:{&quot;login&quot;:&quot;Sujata2022&quot;,&quot;id&quot;:98856707,&quot;node_id&quot;:&quot;U_kgDOBeRvAw&quot;,&quot;avatar_url&quot;:&quot;https://avatars.githubusercontent.com/u/98856707?v=4&quot;,&quot;gravatar_id&quot;:&quot;&quot;,&quot;url&quot;:&quot;https://api.github.com/users/Sujata2022&quot;,&quot;html_url&quot;:&quot;https://github.com/Sujata2022&quot;,&quot;followers_url&quot;:&quot;https://api.github.com/users/Sujata2022/followers&quot;,&quot;following_url&quot;:&quot;https://api.github.com/users/Sujata2022/followin&quot;[truncated 27931 chars]; line: 1, column: 1]" type="java.lang.RuntimeException">
      <![CDATA[java.lang.RuntimeException: com.fasterxml.jackson.databind.exc.MismatchedInputException: Cannot deserialize value of type `com.api.model.response.GetAllRepoPOJO` from Array value (token `JsonToken.START_ARRAY`)
 at [Source: (String)"[{"id":726245335,"node_id":"R_kgDOK0mf1w","name":"Hello-World123","full_name":"Sujata2022/Hello-World123","private":false,"owner":{"login":"Sujata2022","id":98856707,"node_id":"U_kgDOBeRvAw","avatar_url":"https://avatars.githubusercontent.com/u/98856707?v=4","gravatar_id":"","url":"https://api.github.com/users/Sujata2022","html_url":"https://github.com/Sujata2022","followers_url":"https://api.github.com/users/Sujata2022/followers","following_url":"https://api.github.com/users/Sujata2022/followin"[truncated 27931 chars]; line: 1, column: 1]
at io.restassured.internal.path.json.mapping.JsonPathJackson2ObjectDeserializer.deserialize(JsonPathJackson2ObjectDeserializer.java:30)
at io.restassured.path.json.mapping.JsonPathObjectDeserializer$deserialize.call(Unknown Source)
at org.codehaus.groovy.runtime.callsite.CallSiteArray.defaultCall(CallSiteArray.java:45)
at org.codehaus.groovy.runtime.callsite.AbstractCallSite.call(AbstractCallSite.java:125)
at org.codehaus.groovy.runtime.callsite.AbstractCallSite.call(AbstractCallSite.java:139)
at io.restassured.internal.mapping.Jackson2Mapper.deserialize(Jackson2Mapper.groovy:58)
at io.restassured.mapper.ObjectMapper$deserialize.call(Unknown Source)
at org.codehaus.groovy.runtime.callsite.CallSiteArray.defaultCall(CallSiteArray.java:45)
at org.codehaus.groovy.runtime.callsite.AbstractCallSite.call(AbstractCallSite.java:125)
at org.codehaus.groovy.runtime.callsite.AbstractCallSite.call(AbstractCallSite.java:139)
at io.restassured.internal.mapping.ObjectMapping.parseWithJackson2(ObjectMapping.groovy:254)
at io.restassured.internal.mapping.ObjectMapping$parseWithJackson2$0.callStatic(Unknown Source)
at org.codehaus.groovy.runtime.callsite.CallSiteArray.defaultCallStatic(CallSiteArray.java:53)
at org.codehaus.groovy.runtime.callsite.AbstractCallSite.callStatic(AbstractCallSite.java:217)
at org.codehaus.groovy.runtime.callsite.AbstractCallSite.callStatic(AbstractCallSite.java:240)
at io.restassured.internal.mapping.ObjectMapping.deserialize(ObjectMapping.groovy:56)
at io.restassured.internal.mapping.ObjectMapping$deserialize.call(Unknown Source)
at org.codehaus.groovy.runtime.callsite.CallSiteArray.defaultCall(CallSiteArray.java:45)
at org.codehaus.groovy.runtime.callsite.AbstractCallSite.call(AbstractCallSite.java:125)
at io.restassured.internal.RestAssuredResponseOptionsGroovyImpl.as(RestAssuredResponseOptionsGroovyImpl.groovy:229)
at io.restassured.internal.RestAssuredResponseOptionsGroovyImpl$as$2.callCurrent(Unknown Source)
at org.codehaus.groovy.runtime.callsite.CallSiteArray.defaultCallCurrent(CallSiteArray.java:49)
at org.codehaus.groovy.runtime.callsite.AbstractCallSite.callCurrent(AbstractCallSite.java:171)
at org.codehaus.groovy.runtime.callsite.AbstractCallSite.callCurrent(AbstractCallSite.java:194)
at io.restassured.internal.RestAssuredResponseOptionsGroovyImpl.as(RestAssuredResponseOptionsGroovyImpl.groovy:246)
at io.restassured.internal.RestAssuredResponseOptionsImpl.as(RestAssuredResponseOptionsImpl.java:186)
at com.api.test.activate.AllTestCasesRun.getSingleRepo(AllTestCasesRun.java:68)
at java.base/jdk.internal.reflect.NativeMethodAccessorImpl.invoke0(Native Method)
at java.base/jdk.internal.reflect.NativeMethodAccessorImpl.invoke(NativeMethodAccessorImpl.java:77)
at java.base/jdk.internal.reflect.DelegatingMethodAccessorImpl.invoke(DelegatingMethodAccessorImpl.java:43)
at java.base/java.lang.reflect.Method.invoke(Method.java:568)
at org.testng.internal.invokers.MethodInvocationHelper.invokeMethod(MethodInvocationHelper.java:139)
at org.testng.internal.invokers.TestInvoker.invokeMethod(TestInvoker.java:677)
at org.testng.internal.invokers.TestInvoker.invokeTestMethod(TestInvoker.java:221)
at org.testng.internal.invokers.MethodRunner.runInSequence(MethodRunner.java:50)
at org.testng.internal.invokers.TestInvoker$MethodInvocationAgent.invoke(TestInvoker.java:962)
at org.testng.internal.invokers.TestInvoker.invokeTestMethods(TestInvoker.java:194)
at org.testng.internal.invokers.TestMethodWorker.invokeTestMethods(TestMethodWorker.java:148)
at org.testng.internal.invokers.TestMethodWorker.run(TestMethodWorker.java:128)
at java.base/java.util.ArrayList.forEach(ArrayList.java:1511)
at org.testng.TestRunner.privateRun(TestRunner.java:806)
at org.testng.TestRunner.run(TestRunner.java:601)
at org.testng.SuiteRunner.runTest(SuiteRunner.java:433)
at org.testng.SuiteRunner.runSequentially(SuiteRunner.java:427)
at org.testng.SuiteRunner.privateRun(SuiteRunner.java:387)
at org.testng.SuiteRunner.run(SuiteRunner.java:330)
at org.testng.SuiteRunnerWorker.runSuite(SuiteRunnerWorker.java:52)
at org.testng.SuiteRunnerWorker.run(SuiteRunnerWorker.java:95)
at org.testng.TestNG.runSuitesSequentially(TestNG.java:1256)
at org.testng.TestNG.runSuitesLocally(TestNG.java:1176)
at org.testng.TestNG.runSuites(TestNG.java:1099)
at org.testng.TestNG.run(TestNG.java:1067)
at org.testng.remote.AbstractRemoteTestNG.run(AbstractRemoteTestNG.java:115)
at org.testng.remote.RemoteTestNG.initAndRun(RemoteTestNG.java:251)
at org.testng.remote.RemoteTestNG.main(RemoteTestNG.java:77)
Caused by: com.fasterxml.jackson.databind.exc.MismatchedInputException: Cannot deserialize value of type `com.api.model.response.GetAllRepoPOJO` from Array value (token `JsonToken.START_ARRAY`)
 at [Source: (String)"[{"id":726245335,"node_id":"R_kgDOK0mf1w","name":"Hello-World123","full_name":"Sujata2022/Hello-World123","private":false,"owner":{"login":"Sujata2022","id":98856707,"node_id":"U_kgDOBeRvAw","avatar_url":"https://avatars.githubusercontent.com/u/98856707?v=4","gravatar_id":"","url":"https://api.github.com/users/Sujata2022","html_url":"https://github.com/Sujata2022","followers_url":"https://api.github.com/users/Sujata2022/followers","following_url":"https://api.github.com/users/Sujata2022/followin"[truncated 27931 chars]; line: 1, column: 1]
at com.fasterxml.jackson.databind.exc.MismatchedInputException.from(MismatchedInputException.java:59)
at com.fasterxml.jackson.databind.DeserializationContext.reportInputMismatch(DeserializationContext.java:1741)
at com.fasterxml.jackson.databind.DeserializationContext.handleUnexpectedToken(DeserializationContext.java:1515)
at com.fasterxml.jackson.databind.DeserializationContext.handleUnexpectedToken(DeserializationContext.java:1462)
at com.fasterxml.jackson.databind.deser.BeanDeserializer._deserializeFromArray(BeanDeserializer.java:648)
at com.fasterxml.jackson.databind.deser.BeanDeserializer._deserializeOther(BeanDeserializer.java:211)
at com.fasterxml.jackson.databind.deser.BeanDeserializer.deserialize(BeanDeserializer.java:187)
at com.fasterxml.jackson.databind.deser.DefaultDeserializationContext.readRootValue(DefaultDeserializationContext.java:323)
at com.fasterxml.jackson.databind.ObjectMapper._readMapAndClose(ObjectMapper.java:4674)
at com.fasterxml.jackson.databind.ObjectMapper.readValue(ObjectMapper.java:3629)
at io.restassured.internal.path.json.mapping.JsonPathJackson2ObjectDeserializer.deserialize(JsonPathJackson2ObjectDeserializer.java:28)
... 54 more
]]>
    </error>
  </testcase> <!-- getSingleRepo -->
  <system-out/>
</testsuite> <!-- com.api.test.activate.AllTestCasesRun -->
